[2026-04-17 12:22:28] START jobs_dir=jobs/01_xtb total=104 parallel=8
[2026-04-17 12:22:28] [SKIP 1/104] jobs/01_xtb/mult_1/double_ring_6_6_d1.50_m1.inp
[2026-04-17 12:22:28] [SKIP 2/104] jobs/01_xtb/mult_1/double_ring_6_6_d1.70_m1.inp
[2026-04-17 12:22:28] [SKIP 3/104] jobs/01_xtb/mult_1/double_ring_6_6_d1.90_m1.inp
[2026-04-17 12:22:28] [SKIP 4/104] jobs/01_xtb/mult_1/double_ring_6_6_d2.10_m1.inp
[2026-04-17 12:22:28] [SKIP 5/104] jobs/01_xtb/mult_1/random_d1.50_001_m1.inp
[2026-04-17 12:22:28] [SKIP 6/104] jobs/01_xtb/mult_1/random_d1.50_002_m1.inp
[2026-04-17 12:22:28] [SKIP 7/104] jobs/01_xtb/mult_1/random_d1.50_003_m1.inp
[2026-04-17 12:22:28] [SKIP 8/104] jobs/01_xtb/mult_1/random_d1.50_004_m1.inp
[2026-04-17 12:22:28] [SKIP 9/104] jobs/01_xtb/mult_1/random_d1.50_005_m1.inp
[2026-04-17 12:22:28] [SKIP 10/104] jobs/01_xtb/mult_1/random_d1.50_006_m1.inp
[2026-04-17 12:22:28] [SKIP 11/104] jobs/01_xtb/mult_1/random_d1.50_007_m1.inp
[2026-04-17 12:22:28] [SKIP 12/104] jobs/01_xtb/mult_1/random_d1.50_008_m1.inp
[2026-04-17 12:22:28] [SKIP 13/104] jobs/01_xtb/mult_1/random_d1.50_009_m1.inp
[2026-04-17 12:22:28] [SKIP 14/104] jobs/01_xtb/mult_1/random_d1.50_010_m1.inp
[2026-04-17 12:22:28] [SKIP 15/104] jobs/01_xtb/mult_1/random_d1.70_001_m1.inp
[2026-04-17 12:22:28] [SKIP 16/104] jobs/01_xtb/mult_1/random_d1.70_002_m1.inp
[2026-04-17 12:22:28] [SKIP 17/104] jobs/01_xtb/mult_1/random_d1.70_003_m1.inp
[2026-04-17 12:22:28] [SKIP 18/104] jobs/01_xtb/mult_1/random_d1.70_004_m1.inp
[2026-04-17 12:22:28] [SKIP 19/104] jobs/01_xtb/mult_1/random_d1.70_005_m1.inp
[2026-04-17 12:22:28] [SKIP 20/104] jobs/01_xtb/mult_1/random_d1.70_006_m1.inp
[2026-04-17 12:22:28] [SKIP 21/104] jobs/01_xtb/mult_1/random_d1.70_007_m1.inp
[2026-04-17 12:22:28] [SKIP 22/104] jobs/01_xtb/mult_1/random_d1.70_008_m1.inp
[2026-04-17 12:22:28] [SKIP 24/104] jobs/01_xtb/mult_1/random_d1.70_010_m1.inp
[2026-04-17 12:22:28] [SKIP 23/104] jobs/01_xtb/mult_1/random_d1.70_009_m1.inp
[2026-04-17 12:22:28] [SKIP 25/104] jobs/01_xtb/mult_1/random_d1.90_001_m1.inp
[2026-04-17 12:22:28] [SKIP 26/104] jobs/01_xtb/mult_1/random_d1.90_002_m1.inp
[2026-04-17 12:22:28] [SKIP 27/104] jobs/01_xtb/mult_1/random_d1.90_003_m1.inp
[2026-04-17 12:22:28] [SKIP 28/104] jobs/01_xtb/mult_1/random_d1.90_004_m1.inp
[2026-04-17 12:22:28] [SKIP 29/104] jobs/01_xtb/mult_1/random_d1.90_005_m1.inp
[2026-04-17 12:22:28] [SKIP 30/104] jobs/01_xtb/mult_1/random_d1.90_006_m1.inp
[2026-04-17 12:22:28] [SKIP 31/104] jobs/01_xtb/mult_1/random_d1.90_007_m1.inp
[2026-04-17 12:22:28] [SKIP 32/104] jobs/01_xtb/mult_1/random_d1.90_008_m1.inp
[2026-04-17 12:22:28] [SKIP 33/104] jobs/01_xtb/mult_1/random_d1.90_009_m1.inp
[2026-04-17 12:22:28] [SKIP 34/104] jobs/01_xtb/mult_1/random_d1.90_010_m1.inp
[2026-04-17 12:22:28] [SKIP 35/104] jobs/01_xtb/mult_1/random_d2.10_001_m1.inp
[2026-04-17 12:22:28] [SKIP 36/104] jobs/01_xtb/mult_1/random_d2.10_002_m1.inp
[2026-04-17 12:22:28] [SKIP 37/104] jobs/01_xtb/mult_1/random_d2.10_003_m1.inp
[2026-04-17 12:22:28] [SKIP 38/104] jobs/01_xtb/mult_1/random_d2.10_004_m1.inp
[2026-04-17 12:22:28] [RUN  39/104] jobs/01_xtb/mult_1/random_d2.10_005_m1.inp
[2026-04-17 12:22:28] [SKIP 40/104] jobs/01_xtb/mult_1/random_d2.10_006_m1.inp
[2026-04-17 12:22:28] [SKIP 42/104] jobs/01_xtb/mult_1/random_d2.10_008_m1.inp
[2026-04-17 12:22:28] [SKIP 41/104] jobs/01_xtb/mult_1/random_d2.10_007_m1.inp
[2026-04-17 12:22:28] [RUN  43/104] jobs/01_xtb/mult_1/random_d2.10_009_m1.inp
[2026-04-17 12:22:28] [SKIP 44/104] jobs/01_xtb/mult_1/random_d2.10_010_m1.inp
[2026-04-17 12:22:28] [SKIP 45/104] jobs/01_xtb/mult_1/ring12_d1.50_m1.inp
[2026-04-17 12:22:28] [SKIP 46/104] jobs/01_xtb/mult_1/ring12_d1.70_m1.inp
[2026-04-17 12:22:28] [SKIP 47/104] jobs/01_xtb/mult_1/ring12_d1.90_m1.inp
[2026-04-17 12:22:28] [SKIP 48/104] jobs/01_xtb/mult_1/ring12_d2.10_m1.inp
[2026-04-17 12:22:28] [SKIP 49/104] jobs/01_xtb/mult_1/zigzag_chain12_d1.50_m1.inp
[2026-04-17 12:22:28] [SKIP 50/104] jobs/01_xtb/mult_1/zigzag_chain12_d1.70_m1.inp
[2026-04-17 12:22:28] [SKIP 51/104] jobs/01_xtb/mult_1/zigzag_chain12_d1.90_m1.inp
[2026-04-17 12:22:28] [SKIP 52/104] jobs/01_xtb/mult_1/zigzag_chain12_d2.10_m1.inp
[2026-04-17 12:22:28] [SKIP 53/104] jobs/01_xtb/mult_3/double_ring_6_6_d1.50_m3.inp
[2026-04-17 12:22:28] [SKIP 54/104] jobs/01_xtb/mult_3/double_ring_6_6_d1.70_m3.inp
[2026-04-17 12:22:28] [SKIP 55/104] jobs/01_xtb/mult_3/double_ring_6_6_d1.90_m3.inp
[2026-04-17 12:22:28] [SKIP 56/104] jobs/01_xtb/mult_3/double_ring_6_6_d2.10_m3.inp
[2026-04-17 12:22:28] [SKIP 57/104] jobs/01_xtb/mult_3/random_d1.50_001_m3.inp
[2026-04-17 12:22:28] [SKIP 58/104] jobs/01_xtb/mult_3/random_d1.50_002_m3.inp
[2026-04-17 12:22:28] [SKIP 59/104] jobs/01_xtb/mult_3/random_d1.50_003_m3.inp
[2026-04-17 12:22:28] [SKIP 60/104] jobs/01_xtb/mult_3/random_d1.50_004_m3.inp
[2026-04-17 12:22:28] [SKIP 61/104] jobs/01_xtb/mult_3/random_d1.50_005_m3.inp
[2026-04-17 12:22:28] [SKIP 62/104] jobs/01_xtb/mult_3/random_d1.50_006_m3.inp
[2026-04-17 12:22:28] [SKIP 63/104] jobs/01_xtb/mult_3/random_d1.50_007_m3.inp
[2026-04-17 12:22:28] [SKIP 64/104] jobs/01_xtb/mult_3/random_d1.50_008_m3.inp
[2026-04-17 12:22:28] [SKIP 65/104] jobs/01_xtb/mult_3/random_d1.50_009_m3.inp
[2026-04-17 12:22:28] [SKIP 66/104] jobs/01_xtb/mult_3/random_d1.50_010_m3.inp
[2026-04-17 12:22:28] [SKIP 67/104] jobs/01_xtb/mult_3/random_d1.70_001_m3.inp
[2026-04-17 12:22:28] [SKIP 68/104] jobs/01_xtb/mult_3/random_d1.70_002_m3.inp
[2026-04-17 12:22:28] [SKIP 69/104] jobs/01_xtb/mult_3/random_d1.70_003_m3.inp
[2026-04-17 12:22:28] [SKIP 70/104] jobs/01_xtb/mult_3/random_d1.70_004_m3.inp
[2026-04-17 12:22:28] [SKIP 71/104] jobs/01_xtb/mult_3/random_d1.70_005_m3.inp
[2026-04-17 12:22:28] [SKIP 72/104] jobs/01_xtb/mult_3/random_d1.70_006_m3.inp
[2026-04-17 12:22:28] [SKIP 73/104] jobs/01_xtb/mult_3/random_d1.70_007_m3.inp
[2026-04-17 12:22:28] [SKIP 74/104] jobs/01_xtb/mult_3/random_d1.70_008_m3.inp
[2026-04-17 12:22:28] [SKIP 75/104] jobs/01_xtb/mult_3/random_d1.70_009_m3.inp
[2026-04-17 12:22:28] [SKIP 76/104] jobs/01_xtb/mult_3/random_d1.70_010_m3.inp
[2026-04-17 12:22:28] [SKIP 77/104] jobs/01_xtb/mult_3/random_d1.90_001_m3.inp
[2026-04-17 12:22:28] [SKIP 78/104] jobs/01_xtb/mult_3/random_d1.90_002_m3.inp
[2026-04-17 12:22:28] [SKIP 79/104] jobs/01_xtb/mult_3/random_d1.90_003_m3.inp
[2026-04-17 12:22:28] [SKIP 80/104] jobs/01_xtb/mult_3/random_d1.90_004_m3.inp
[2026-04-17 12:22:28] [SKIP 81/104] jobs/01_xtb/mult_3/random_d1.90_005_m3.inp
[2026-04-17 12:22:28] [SKIP 82/104] jobs/01_xtb/mult_3/random_d1.90_006_m3.inp
[2026-04-17 12:22:28] [SKIP 83/104] jobs/01_xtb/mult_3/random_d1.90_007_m3.inp
[2026-04-17 12:22:28] [SKIP 84/104] jobs/01_xtb/mult_3/random_d1.90_008_m3.inp
[2026-04-17 12:22:28] [SKIP 85/104] jobs/01_xtb/mult_3/random_d1.90_009_m3.inp
[2026-04-17 12:22:28] [SKIP 86/104] jobs/01_xtb/mult_3/random_d1.90_010_m3.inp
[2026-04-17 12:22:28] [SKIP 87/104] jobs/01_xtb/mult_3/random_d2.10_001_m3.inp
[2026-04-17 12:22:28] [SKIP 88/104] jobs/01_xtb/mult_3/random_d2.10_002_m3.inp
[2026-04-17 12:22:28] [SKIP 89/104] jobs/01_xtb/mult_3/random_d2.10_003_m3.inp
[2026-04-17 12:22:28] [SKIP 90/104] jobs/01_xtb/mult_3/random_d2.10_004_m3.inp
[2026-04-17 12:22:28] [SKIP 91/104] jobs/01_xtb/mult_3/random_d2.10_005_m3.inp
[2026-04-17 12:22:28] [SKIP 92/104] jobs/01_xtb/mult_3/random_d2.10_006_m3.inp
[2026-04-17 12:22:28] [RUN  95/104] jobs/01_xtb/mult_3/random_d2.10_009_m3.inp
[2026-04-17 12:22:28] [SKIP 94/104] jobs/01_xtb/mult_3/random_d2.10_008_m3.inp
[2026-04-17 12:22:28] [SKIP 93/104] jobs/01_xtb/mult_3/random_d2.10_007_m3.inp
[2026-04-17 12:22:28] [SKIP 96/104] jobs/01_xtb/mult_3/random_d2.10_010_m3.inp
[2026-04-17 12:22:28] [SKIP 97/104] jobs/01_xtb/mult_3/ring12_d1.50_m3.inp
[2026-04-17 12:22:28] [SKIP 98/104] jobs/01_xtb/mult_3/ring12_d1.70_m3.inp
[2026-04-17 12:22:28] [SKIP 99/104] jobs/01_xtb/mult_3/ring12_d1.90_m3.inp
[2026-04-17 12:22:28] [SKIP 100/104] jobs/01_xtb/mult_3/ring12_d2.10_m3.inp
[2026-04-17 12:22:28] [SKIP 101/104] jobs/01_xtb/mult_3/zigzag_chain12_d1.50_m3.inp
[2026-04-17 12:22:28] [SKIP 102/104] jobs/01_xtb/mult_3/zigzag_chain12_d1.70_m3.inp
[2026-04-17 12:22:28] [SKIP 103/104] jobs/01_xtb/mult_3/zigzag_chain12_d1.90_m3.inp
[2026-04-17 12:22:28] [SKIP 104/104] jobs/01_xtb/mult_3/zigzag_chain12_d2.10_m3.inp
[2026-04-17 12:22:31] [FAIL 43/104] jobs/01_xtb/mult_1/random_d2.10_009_m1.inp rc=0
[2026-04-17 12:22:31] [FAIL 95/104] jobs/01_xtb/mult_3/random_d2.10_009_m3.inp rc=0
[2026-04-17 12:22:36] [FAIL 39/104] jobs/01_xtb/mult_1/random_d2.10_005_m1.inp rc=0
[2026-04-17 12:22:36] FINISH jobs_dir=jobs/01_xtb fail=0
